# JRE version: OpenJDK Runtime Environment Microsoft-10376486 (17.0.13+11) (build 17.0.13+11-LTS)
# Java VM: OpenJDK 64-Bit Server VM Microsoft-10376486 (17.0.13+11-LTS, mixed mode, sharing, tiered, compressed oops, compressed class ptrs, g1 gc, windows-amd64)
GC Precious Log:
 CPUs: 4 total, 4 available
 Memory: 8042M
 Large Page Support: Disabled
 NUMA Support: Disabled
 Compressed Oops: Enabled (32-bit)
 Heap Region Size: 1M
 Heap Min Capacity: 8M
 Heap Initial Capacity: 126M
 Heap Max Capacity: 2012M
 Pre-touch: Disabled
 Parallel Workers: 4
 Concurrent Workers: 1
 Concurrent Refinement Workers: 4
 Periodic GC: Disabled
Heap:
 garbage-first heap   total 260096K, used 138741K [0x0000000082400000, 0x0000000100000000)
  region size 1024K, 3 young (3072K), 3 survivors (3072K)
 Metaspace       used 75454K, committed 75776K, reserved 1179648K
  class space    used 7957K, committed 8128K, reserved 1048576K
GC Heap History (20 events):
Event: 12.883 GC heap after
{Heap after GC invocations=24 (full 0):
 garbage-first heap   total 246784K, used 77703K [0x0000000082400000, 0x0000000100000000)
  region size 1024K, 2 young (2048K), 2 survivors (2048K)
 Metaspace       used 51916K, committed 52224K, reserved 1114112K
  class space    used 6033K, committed 6208K, reserved 1048576K
}
Event: 16.176 GC heap before
{Heap before GC invocations=24 (full 0):
 garbage-first heap   total 246784K, used 188295K [0x0000000082400000, 0x0000000100000000)
  region size 1024K, 109 young (111616K), 2 survivors (2048K)
 Metaspace       used 55526K, committed 55808K, reserved 1114112K
  class space    used 6268K, committed 6400K, reserved 1048576K
}
Event: 16.197 GC heap after
{Heap after GC invocations=25 (full 0):
 garbage-first heap   total 246784K, used 90021K [0x0000000082400000, 0x0000000100000000)
  region size 1024K, 14 young (14336K), 14 survivors (14336K)
 Metaspace       used 55526K, committed 55808K, reserved 1114112K
  class space    used 6268K, committed 6400K, reserved 1048576K
}
Event: 20.159 GC heap before
{Heap before GC invocations=25 (full 0):
 garbage-first heap   total 246784K, used 184229K [0x0000000082400000, 0x0000000100000000)
  region size 1024K, 106 young (108544K), 14 survivors (14336K)
 Metaspace       used 56252K, committed 56576K, reserved 1114112K
  class space    used 6301K, committed 6464K, reserved 1048576K
}
Event: 20.187 GC heap after
{Heap after GC invocations=26 (full 0):
 garbage-first heap   total 246784K, used 98111K [0x0000000082400000, 0x0000000100000000)
  region size 1024K, 8 young (8192K), 8 survivors (8192K)
 Metaspace       used 56252K, committed 56576K, reserved 1114112K
  class space    used 6301K, committed 6464K, reserved 1048576K
}
Event: 22.882 GC heap before
{Heap before GC invocations=26 (full 0):
 garbage-first heap   total 246784K, used 190271K [0x0000000082400000, 0x0000000100000000)
  region size 1024K, 98 young (100352K), 8 survivors (8192K)
 Metaspace       used 56719K, committed 57024K, reserved 1114112K
  class space    used 6306K, committed 6464K, reserved 1048576K
}
Event: 22.901 GC heap after
{Heap after GC invocations=27 (full 0):
 garbage-first heap   total 246784K, used 103956K [0x0000000082400000, 0x0000000100000000)
  region size 1024K, 6 young (6144K), 6 survivors (6144K)
 Metaspace       used 56719K, committed 57024K, reserved 1114112K
  class space    used 6306K, committed 6464K, reserved 1048576K
}
Event: 25.310 GC heap before
{Heap before GC invocations=27 (full 0):
 garbage-first heap   total 246784K, used 196116K [0x0000000082400000, 0x0000000100000000)
  region size 1024K, 96 young (98304K), 6 survivors (6144K)
 Metaspace       used 57565K, committed 57856K, reserved 1114112K
  class space    used 6349K, committed 6528K, reserved 1048576K
}
Event: 25.329 GC heap after
{Heap after GC invocations=28 (full 0):
 garbage-first heap   total 246784K, used 108687K [0x0000000082400000, 0x0000000100000000)
  region size 1024K, 11 young (11264K), 11 survivors (11264K)
 Metaspace       used 57565K, committed 57856K, reserved 1114112K
  class space    used 6349K, committed 6528K, reserved 1048576K
}
Event: 27.428 GC heap before
{Heap before GC invocations=28 (full 0):
 garbage-first heap   total 246784K, used 199823K [0x0000000082400000, 0x0000000100000000)
  region size 1024K, 100 young (102400K), 11 survivors (11264K)
 Metaspace       used 64178K, committed 64512K, reserved 1114112K
  class space    used 6944K, committed 7104K, reserved 1048576K
}
Event: 27.454 GC heap after
{Heap after GC invocations=29 (full 0):
 garbage-first heap   total 246784K, used 116095K [0x0000000082400000, 0x0000000100000000)
  region size 1024K, 13 young (13312K), 13 survivors (13312K)
 Metaspace       used 64178K, committed 64512K, reserved 1114112K
  class space    used 6944K, committed 7104K, reserved 1048576K
}
Event: 28.730 GC heap before
{Heap before GC invocations=29 (full 0):
 garbage-first heap   total 246784K, used 199039K [0x0000000082400000, 0x0000000100000000)
  region size 1024K, 94 young (96256K), 13 survivors (13312K)
 Metaspace       used 65027K, committed 65408K, reserved 1114112K
  class space    used 7005K, committed 7168K, reserved 1048576K
}
Event: 28.768 GC heap after
{Heap after GC invocations=30 (full 0):
 garbage-first heap   total 246784K, used 131857K [0x0000000082400000, 0x0000000100000000)
  region size 1024K, 12 young (12288K), 12 survivors (12288K)
 Metaspace       used 65027K, committed 65408K, reserved 1114112K
  class space    used 7005K, committed 7168K, reserved 1048576K
}
Event: 30.394 GC heap before
{Heap before GC invocations=30 (full 0):
 garbage-first heap   total 246784K, used 196369K [0x0000000082400000, 0x0000000100000000)
  region size 1024K, 75 young (76800K), 12 survivors (12288K)
 Metaspace       used 72789K, committed 73152K, reserved 1179648K
  class space    used 7729K, committed 7872K, reserved 1048576K
}
Event: 30.422 GC heap after
{Heap after GC invocations=31 (full 0):
 garbage-first heap   total 246784K, used 138866K [0x0000000082400000, 0x0000000100000000)
  region size 1024K, 7 young (7168K), 7 survivors (7168K)
 Metaspace       used 72789K, committed 73152K, reserved 1179648K
  class space    used 7729K, committed 7872K, reserved 1048576K
}
Event: 31.567 GC heap before
{Heap before GC invocations=32 (full 0):
 garbage-first heap   total 260096K, used 197234K [0x0000000082400000, 0x0000000100000000)
  region size 1024K, 66 young (67584K), 7 survivors (7168K)
 Metaspace       used 74333K, committed 74624K, reserved 1179648K
  class space    used 7875K, committed 8000K, reserved 1048576K
}
Event: 31.592 GC heap after
{Heap after GC invocations=33 (full 0):
 garbage-first heap   total 260096K, used 140693K [0x0000000082400000, 0x0000000100000000)
  region size 1024K, 5 young (5120K), 5 survivors (5120K)
 Metaspace       used 74333K, committed 74624K, reserved 1179648K
  class space    used 7875K, committed 8000K, reserved 1048576K
}
Event: 31.732 GC heap before
{Heap before GC invocations=33 (full 0):
 garbage-first heap   total 260096K, used 147861K [0x0000000082400000, 0x0000000100000000)
  region size 1024K, 12 young (12288K), 5 survivors (5120K)
 Metaspace       used 74671K, committed 75008K, reserved 1179648K
  class space    used 7895K, committed 8064K, reserved 1048576K
}
Event: 31.745 GC heap after
{Heap after GC invocations=34 (full 0):
 garbage-first heap   total 260096K, used 137018K [0x0000000082400000, 0x0000000100000000)
  region size 1024K, 1 young (1024K), 1 survivors (1024K)
 Metaspace       used 74671K, committed 75008K, reserved 1179648K
  class space    used 7895K, committed 8064K, reserved 1048576K
}
Event: 32.376 GC heap before
{Heap before GC invocations=34 (full 0):
 garbage-first heap   total 260096K, used 205626K [0x0000000082400000, 0x0000000100000000)
  region size 1024K, 68 young (69632K), 1 survivors (1024K)
 Metaspace       used 75454K, committed 75776K, reserved 1179648K
  class space    used 7957K, committed 8128K, reserved 1048576K
}

