# JRE version: OpenJDK Runtime Environment Microsoft-10376486 (17.0.13+11) (build 17.0.13+11-LTS)
# Java VM: OpenJDK 64-Bit Server VM Microsoft-10376486 (17.0.13+11-LTS, mixed mode, sharing, tiered, compressed oops, compressed class ptrs, g1 gc, windows-amd64)
GC Precious Log:
 CPUs: 4 total, 4 available
 Memory: 8042M
 Large Page Support: Disabled
 NUMA Support: Disabled
 Compressed Oops: Enabled (Zero based)
 Heap Region Size: 2M
 Heap Min Capacity: 8M
 Heap Initial Capacity: 126M
 Heap Max Capacity: 4G
 Pre-touch: Disabled
 Parallel Workers: 4
 Concurrent Workers: 1
 Concurrent Refinement Workers: 4
 Periodic GC: Disabled
Heap:
 garbage-first heap   total 407552K, used 312400K [0x0000000700000000, 0x0000000800000000)
  region size 2048K, 4 young (8192K), 3 survivors (6144K)
 Metaspace       used 119235K, committed 121088K, reserved 557056K
  class space    used 16452K, committed 17344K, reserved 425984K
GC Heap History (20 events):
Event: 131.340 GC heap before
{Heap before GC invocations=68 (full 0):
 garbage-first heap   total 407552K, used 348579K [0x0000000700000000, 0x0000000800000000)
  region size 2048K, 29 young (59392K), 3 survivors (6144K)
 Metaspace       used 115227K, committed 116928K, reserved 557056K
  class space    used 16058K, committed 16832K, reserved 425984K
}
Event: 131.350 GC heap after
{Heap after GC invocations=69 (full 0):
 garbage-first heap   total 407552K, used 298836K [0x0000000700000000, 0x0000000800000000)
  region size 2048K, 3 young (6144K), 3 survivors (6144K)
 Metaspace       used 115227K, committed 116928K, reserved 557056K
  class space    used 16058K, committed 16832K, reserved 425984K
}
Event: 134.292 GC heap before
{Heap before GC invocations=69 (full 0):
 garbage-first heap   total 407552K, used 347988K [0x0000000700000000, 0x0000000800000000)
  region size 2048K, 28 young (57344K), 3 survivors (6144K)
 Metaspace       used 115355K, committed 117056K, reserved 557056K
  class space    used 16064K, committed 16832K, reserved 425984K
}
Event: 134.304 GC heap after
{Heap after GC invocations=70 (full 0):
 garbage-first heap   total 407552K, used 301072K [0x0000000700000000, 0x0000000800000000)
  region size 2048K, 4 young (8192K), 4 survivors (8192K)
 Metaspace       used 115355K, committed 117056K, reserved 557056K
  class space    used 16064K, committed 16832K, reserved 425984K
}
Event: 135.517 GC heap before
{Heap before GC invocations=70 (full 0):
 garbage-first heap   total 407552K, used 348176K [0x0000000700000000, 0x0000000800000000)
  region size 2048K, 28 young (57344K), 4 survivors (8192K)
 Metaspace       used 115489K, committed 117248K, reserved 557056K
  class space    used 16070K, committed 16896K, reserved 425984K
}
Event: 135.542 GC heap after
{Heap after GC invocations=71 (full 0):
 garbage-first heap   total 407552K, used 303052K [0x0000000700000000, 0x0000000800000000)
  region size 2048K, 3 young (6144K), 3 survivors (6144K)
 Metaspace       used 115489K, committed 117248K, reserved 557056K
  class space    used 16070K, committed 16896K, reserved 425984K
}
Event: 137.076 GC heap before
{Heap before GC invocations=71 (full 0):
 garbage-first heap   total 407552K, used 348108K [0x0000000700000000, 0x0000000800000000)
  region size 2048K, 26 young (53248K), 3 survivors (6144K)
 Metaspace       used 115542K, committed 117312K, reserved 557056K
  class space    used 16080K, committed 16896K, reserved 425984K
}
Event: 137.092 GC heap after
{Heap after GC invocations=72 (full 0):
 garbage-first heap   total 407552K, used 304328K [0x0000000700000000, 0x0000000800000000)
  region size 2048K, 2 young (4096K), 2 survivors (4096K)
 Metaspace       used 115542K, committed 117312K, reserved 557056K
  class space    used 16080K, committed 16896K, reserved 425984K
}
Event: 137.749 GC heap before
{Heap before GC invocations=72 (full 0):
 garbage-first heap   total 407552K, used 349384K [0x0000000700000000, 0x0000000800000000)
  region size 2048K, 25 young (51200K), 2 survivors (4096K)
 Metaspace       used 115544K, committed 117312K, reserved 557056K
  class space    used 16080K, committed 16896K, reserved 425984K
}
Event: 137.758 GC heap after
{Heap after GC invocations=73 (full 0):
 garbage-first heap   total 407552K, used 305054K [0x0000000700000000, 0x0000000800000000)
  region size 2048K, 3 young (6144K), 3 survivors (6144K)
 Metaspace       used 115544K, committed 117312K, reserved 557056K
  class space    used 16080K, committed 16896K, reserved 425984K
}
Event: 138.579 GC heap before
{Heap before GC invocations=73 (full 0):
 garbage-first heap   total 407552K, used 350110K [0x0000000700000000, 0x0000000800000000)
  region size 2048K, 26 young (53248K), 3 survivors (6144K)
 Metaspace       used 115564K, committed 117312K, reserved 557056K
  class space    used 16082K, committed 16896K, reserved 425984K
}
Event: 138.590 GC heap after
{Heap after GC invocations=74 (full 0):
 garbage-first heap   total 407552K, used 306173K [0x0000000700000000, 0x0000000800000000)
  region size 2048K, 3 young (6144K), 3 survivors (6144K)
 Metaspace       used 115564K, committed 117312K, reserved 557056K
  class space    used 16082K, committed 16896K, reserved 425984K
}
Event: 139.022 GC heap before
{Heap before GC invocations=74 (full 0):
 garbage-first heap   total 407552K, used 349181K [0x0000000700000000, 0x0000000800000000)
  region size 2048K, 25 young (51200K), 3 survivors (6144K)
 Metaspace       used 115566K, committed 117312K, reserved 557056K
  class space    used 16082K, committed 16896K, reserved 425984K
}
Event: 139.031 GC heap after
{Heap after GC invocations=75 (full 0):
 garbage-first heap   total 407552K, used 307221K [0x0000000700000000, 0x0000000800000000)
  region size 2048K, 3 young (6144K), 3 survivors (6144K)
 Metaspace       used 115566K, committed 117312K, reserved 557056K
  class space    used 16082K, committed 16896K, reserved 425984K
}
Event: 139.507 GC heap before
{Heap before GC invocations=75 (full 0):
 garbage-first heap   total 407552K, used 350229K [0x0000000700000000, 0x0000000800000000)
  region size 2048K, 25 young (51200K), 3 survivors (6144K)
 Metaspace       used 115583K, committed 117312K, reserved 557056K
  class space    used 16083K, committed 16896K, reserved 425984K
}
Event: 139.518 GC heap after
{Heap after GC invocations=76 (full 0):
 garbage-first heap   total 407552K, used 309063K [0x0000000700000000, 0x0000000800000000)
  region size 2048K, 3 young (6144K), 3 survivors (6144K)
 Metaspace       used 115583K, committed 117312K, reserved 557056K
  class space    used 16083K, committed 16896K, reserved 425984K
}
Event: 141.835 GC heap before
{Heap before GC invocations=76 (full 0):
 garbage-first heap   total 407552K, used 350023K [0x0000000700000000, 0x0000000800000000)
  region size 2048K, 24 young (49152K), 3 survivors (6144K)
 Metaspace       used 117581K, committed 119360K, reserved 557056K
  class space    used 16253K, committed 17088K, reserved 425984K
}
Event: 141.850 GC heap after
{Heap after GC invocations=77 (full 0):
 garbage-first heap   total 407552K, used 310279K [0x0000000700000000, 0x0000000800000000)
  region size 2048K, 2 young (4096K), 2 survivors (4096K)
 Metaspace       used 117581K, committed 119360K, reserved 557056K
  class space    used 16253K, committed 17088K, reserved 425984K
}
Event: 143.915 GC heap before
{Heap before GC invocations=77 (full 0):
 garbage-first heap   total 407552K, used 343047K [0x0000000700000000, 0x0000000800000000)
  region size 2048K, 20 young (40960K), 2 survivors (4096K)
 Metaspace       used 119057K, committed 120896K, reserved 557056K
  class space    used 16422K, committed 17280K, reserved 425984K
}
Event: 143.925 GC heap after
{Heap after GC invocations=78 (full 0):
 garbage-first heap   total 407552K, used 312400K [0x0000000700000000, 0x0000000800000000)
  region size 2048K, 3 young (6144K), 3 survivors (6144K)
 Metaspace       used 119057K, committed 120896K, reserved 557056K
  class space    used 16422K, committed 17280K, reserved 425984K
}

