# JRE version: OpenJDK Runtime Environment Microsoft-10376486 (17.0.13+11) (build 17.0.13+11-LTS)
# Java VM: OpenJDK 64-Bit Server VM Microsoft-10376486 (17.0.13+11-LTS, mixed mode, sharing, tiered, compressed oops, compressed class ptrs, g1 gc, windows-amd64)
GC Precious Log:
 CPUs: 4 total, 4 available
 Memory: 8042M
 Large Page Support: Disabled
 NUMA Support: Disabled
 Compressed Oops: Enabled (32-bit)
 Heap Region Size: 1M
 Heap Min Capacity: 8M
 Heap Initial Capacity: 126M
 Heap Max Capacity: 2012M
 Pre-touch: Disabled
 Parallel Workers: 4
 Concurrent Workers: 1
 Concurrent Refinement Workers: 4
 Periodic GC: Disabled
Heap:
 garbage-first heap   total 241664K, used 177649K [0x0000000082400000, 0x0000000100000000)
  region size 1024K, 83 young (84992K), 7 survivors (7168K)
 Metaspace       used 57044K, committed 57344K, reserved 1114112K
  class space    used 6308K, committed 6464K, reserved 1048576K
GC Heap History (20 events):
Event: 25.247 GC heap before
{Heap before GC invocations=24 (full 0):
 garbage-first heap   total 153600K, used 111735K [0x0000000082400000, 0x0000000100000000)
  region size 1024K, 59 young (60416K), 1 survivors (1024K)
 Metaspace       used 47641K, committed 47936K, reserved 1114112K
  class space    used 5594K, committed 5760K, reserved 1048576K
}
Event: 25.267 GC heap after
{Heap after GC invocations=25 (full 0):
 garbage-first heap   total 153600K, used 62785K [0x0000000082400000, 0x0000000100000000)
  region size 1024K, 8 young (8192K), 8 survivors (8192K)
 Metaspace       used 47641K, committed 47936K, reserved 1114112K
  class space    used 5594K, committed 5760K, reserved 1048576K
}
Event: 27.260 GC heap before
{Heap before GC invocations=25 (full 0):
 garbage-first heap   total 153600K, used 115009K [0x0000000082400000, 0x0000000100000000)
  region size 1024K, 59 young (60416K), 8 survivors (8192K)
 Metaspace       used 48013K, committed 48256K, reserved 1114112K
  class space    used 5623K, committed 5760K, reserved 1048576K
}
Event: 27.287 GC heap after
{Heap after GC invocations=26 (full 0):
 garbage-first heap   total 153600K, used 71136K [0x0000000082400000, 0x0000000100000000)
  region size 1024K, 8 young (8192K), 8 survivors (8192K)
 Metaspace       used 48013K, committed 48256K, reserved 1114112K
  class space    used 5623K, committed 5760K, reserved 1048576K
}
Event: 27.960 GC heap before
{Heap before GC invocations=26 (full 0):
 garbage-first heap   total 153600K, used 117216K [0x0000000082400000, 0x0000000100000000)
  region size 1024K, 53 young (54272K), 8 survivors (8192K)
 Metaspace       used 48607K, committed 48832K, reserved 1114112K
  class space    used 5690K, committed 5824K, reserved 1048576K
}
Event: 27.977 GC heap after
{Heap after GC invocations=27 (full 0):
 garbage-first heap   total 153600K, used 73728K [0x0000000082400000, 0x0000000100000000)
  region size 1024K, 2 young (2048K), 2 survivors (2048K)
 Metaspace       used 48607K, committed 48832K, reserved 1114112K
  class space    used 5690K, committed 5824K, reserved 1048576K
}
Event: 29.000 GC heap before
{Heap before GC invocations=27 (full 0):
 garbage-first heap   total 153600K, used 104448K [0x0000000082400000, 0x0000000100000000)
  region size 1024K, 33 young (33792K), 2 survivors (2048K)
 Metaspace       used 49170K, committed 49472K, reserved 1114112K
  class space    used 5750K, committed 5888K, reserved 1048576K
}
Event: 29.009 GC heap after
{Heap after GC invocations=28 (full 0):
 garbage-first heap   total 153600K, used 74098K [0x0000000082400000, 0x0000000100000000)
  region size 1024K, 3 young (3072K), 3 survivors (3072K)
 Metaspace       used 49170K, committed 49472K, reserved 1114112K
  class space    used 5750K, committed 5888K, reserved 1048576K
}
Event: 32.336 GC heap before
{Heap before GC invocations=29 (full 0):
 garbage-first heap   total 153600K, used 125298K [0x0000000082400000, 0x0000000100000000)
  region size 1024K, 50 young (51200K), 3 survivors (3072K)
 Metaspace       used 52327K, committed 52672K, reserved 1114112K
  class space    used 6044K, committed 6208K, reserved 1048576K
}
Event: 32.352 GC heap after
{Heap after GC invocations=30 (full 0):
 garbage-first heap   total 153600K, used 80678K [0x0000000082400000, 0x0000000100000000)
  region size 1024K, 7 young (7168K), 7 survivors (7168K)
 Metaspace       used 52327K, committed 52672K, reserved 1114112K
  class space    used 6044K, committed 6208K, reserved 1048576K
}
Event: 32.543 GC heap before
{Heap before GC invocations=30 (full 0):
 garbage-first heap   total 153600K, used 81702K [0x0000000082400000, 0x0000000100000000)
  region size 1024K, 8 young (8192K), 7 survivors (7168K)
 Metaspace       used 52430K, committed 52736K, reserved 1114112K
  class space    used 6050K, committed 6208K, reserved 1048576K
}
Event: 32.560 GC heap after
{Heap after GC invocations=31 (full 0):
 garbage-first heap   total 153600K, used 80588K [0x0000000082400000, 0x0000000100000000)
  region size 1024K, 1 young (1024K), 1 survivors (1024K)
 Metaspace       used 52430K, committed 52736K, reserved 1114112K
  class space    used 6050K, committed 6208K, reserved 1048576K
}
Event: 36.932 GC heap before
{Heap before GC invocations=31 (full 0):
 garbage-first heap   total 153600K, used 124620K [0x0000000082400000, 0x0000000100000000)
  region size 1024K, 44 young (45056K), 1 survivors (1024K)
 Metaspace       used 54299K, committed 54656K, reserved 1114112K
  class space    used 6157K, committed 6336K, reserved 1048576K
}
Event: 36.944 GC heap after
{Heap after GC invocations=32 (full 0):
 garbage-first heap   total 241664K, used 84566K [0x0000000082400000, 0x0000000100000000)
  region size 1024K, 5 young (5120K), 5 survivors (5120K)
 Metaspace       used 54299K, committed 54656K, reserved 1114112K
  class space    used 6157K, committed 6336K, reserved 1048576K
}
Event: 47.852 GC heap before
{Heap before GC invocations=33 (full 0):
 garbage-first heap   total 241664K, used 187990K [0x0000000082400000, 0x0000000100000000)
  region size 1024K, 106 young (108544K), 5 survivors (5120K)
 Metaspace       used 56194K, committed 56512K, reserved 1114112K
  class space    used 6296K, committed 6464K, reserved 1048576K
}
Event: 47.875 GC heap after
{Heap after GC invocations=34 (full 0):
 garbage-first heap   total 241664K, used 94735K [0x0000000082400000, 0x0000000100000000)
  region size 1024K, 14 young (14336K), 14 survivors (14336K)
 Metaspace       used 56194K, committed 56512K, reserved 1114112K
  class space    used 6296K, committed 6464K, reserved 1048576K
}
Event: 47.904 GC heap before
{Heap before GC invocations=34 (full 0):
 garbage-first heap   total 241664K, used 95759K [0x0000000082400000, 0x0000000100000000)
  region size 1024K, 15 young (15360K), 14 survivors (14336K)
 Metaspace       used 56196K, committed 56512K, reserved 1114112K
  class space    used 6296K, committed 6464K, reserved 1048576K
}
Event: 47.926 GC heap after
{Heap after GC invocations=35 (full 0):
 garbage-first heap   total 241664K, used 96156K [0x0000000082400000, 0x0000000100000000)
  region size 1024K, 2 young (2048K), 2 survivors (2048K)
 Metaspace       used 56196K, committed 56512K, reserved 1114112K
  class space    used 6296K, committed 6464K, reserved 1048576K
}
Event: 56.602 GC heap before
{Heap before GC invocations=35 (full 0):
 garbage-first heap   total 241664K, used 186268K [0x0000000082400000, 0x0000000100000000)
  region size 1024K, 90 young (92160K), 2 survivors (2048K)
 Metaspace       used 56662K, committed 56960K, reserved 1114112K
  class space    used 6306K, committed 6464K, reserved 1048576K
}
Event: 56.614 GC heap after
{Heap after GC invocations=36 (full 0):
 garbage-first heap   total 241664K, used 100849K [0x0000000082400000, 0x0000000100000000)
  region size 1024K, 7 young (7168K), 7 survivors (7168K)
 Metaspace       used 56662K, committed 56960K, reserved 1114112K
  class space    used 6306K, committed 6464K, reserved 1048576K
}

