# JRE version: OpenJDK Runtime Environment Microsoft-10376486 (17.0.13+11) (build 17.0.13+11-LTS)
# Java VM: OpenJDK 64-Bit Server VM Microsoft-10376486 (17.0.13+11-LTS, mixed mode, sharing, tiered, compressed oops, compressed class ptrs, g1 gc, windows-amd64)
GC Precious Log:
 CPUs: 4 total, 4 available
 Memory: 8042M
 Large Page Support: Disabled
 NUMA Support: Disabled
 Compressed Oops: Enabled (32-bit)
 Heap Region Size: 1M
 Heap Min Capacity: 8M
 Heap Initial Capacity: 126M
 Heap Max Capacity: 2G
 Pre-touch: Disabled
 Parallel Workers: 4
 Concurrent Workers: 1
 Concurrent Refinement Workers: 4
 Periodic GC: Disabled
Heap:
 garbage-first heap   total 86016K, used 49943K [0x0000000080000000, 0x0000000100000000)
  region size 1024K, 19 young (19456K), 2 survivors (2048K)
 Metaspace       used 41790K, committed 42304K, reserved 491520K
  class space    used 5920K, committed 6144K, reserved 425984K
GC Heap History (20 events):
Event: 9.798 GC heap before
{Heap before GC invocations=2 (full 0):
 garbage-first heap   total 129024K, used 85259K [0x0000000080000000, 0x0000000100000000)
  region size 1024K, 75 young (76800K), 3 survivors (3072K)
 Metaspace       used 5183K, committed 5376K, reserved 491520K
  class space    used 681K, committed 768K, reserved 425984K
}
Event: 9.813 GC heap after
{Heap after GC invocations=3 (full 0):
 garbage-first heap   total 129024K, used 16209K [0x0000000080000000, 0x0000000100000000)
  region size 1024K, 9 young (9216K), 9 survivors (9216K)
 Metaspace       used 5183K, committed 5376K, reserved 491520K
  class space    used 681K, committed 768K, reserved 425984K
}
Event: 19.156 GC heap before
{Heap before GC invocations=3 (full 0):
 garbage-first heap   total 129024K, used 83793K [0x0000000080000000, 0x0000000100000000)
  region size 1024K, 75 young (76800K), 9 survivors (9216K)
 Metaspace       used 16953K, committed 17216K, reserved 491520K
  class space    used 2386K, committed 2496K, reserved 425984K
}
Event: 19.172 GC heap after
{Heap after GC invocations=4 (full 0):
 garbage-first heap   total 129024K, used 21472K [0x0000000080000000, 0x0000000100000000)
  region size 1024K, 6 young (6144K), 6 survivors (6144K)
 Metaspace       used 16953K, committed 17216K, reserved 491520K
  class space    used 2386K, committed 2496K, reserved 425984K
}
Event: 23.257 GC heap before
{Heap before GC invocations=4 (full 0):
 garbage-first heap   total 129024K, used 58336K [0x0000000080000000, 0x0000000100000000)
  region size 1024K, 43 young (44032K), 6 survivors (6144K)
 Metaspace       used 21212K, committed 21504K, reserved 491520K
  class space    used 3074K, committed 3200K, reserved 425984K
}
Event: 23.267 GC heap after
{Heap after GC invocations=5 (full 0):
 garbage-first heap   total 129024K, used 23536K [0x0000000080000000, 0x0000000100000000)
  region size 1024K, 8 young (8192K), 8 survivors (8192K)
 Metaspace       used 21212K, committed 21504K, reserved 491520K
  class space    used 3074K, committed 3200K, reserved 425984K
}
Event: 29.122 GC heap before
{Heap before GC invocations=6 (full 0):
 garbage-first heap   total 86016K, used 66544K [0x0000000080000000, 0x0000000100000000)
  region size 1024K, 50 young (51200K), 8 survivors (8192K)
 Metaspace       used 26291K, committed 26752K, reserved 491520K
  class space    used 3867K, committed 4096K, reserved 425984K
}
Event: 29.135 GC heap after
{Heap after GC invocations=7 (full 0):
 garbage-first heap   total 86016K, used 25113K [0x0000000080000000, 0x0000000100000000)
  region size 1024K, 4 young (4096K), 4 survivors (4096K)
 Metaspace       used 26291K, committed 26752K, reserved 491520K
  class space    used 3867K, committed 4096K, reserved 425984K
}
Event: 29.153 GC heap before
{Heap before GC invocations=7 (full 0):
 garbage-first heap   total 86016K, used 25113K [0x0000000080000000, 0x0000000100000000)
  region size 1024K, 5 young (5120K), 4 survivors (4096K)
 Metaspace       used 26362K, committed 26816K, reserved 491520K
  class space    used 3877K, committed 4096K, reserved 425984K
}
Event: 29.162 GC heap after
{Heap after GC invocations=8 (full 0):
 garbage-first heap   total 86016K, used 25596K [0x0000000080000000, 0x0000000100000000)
  region size 1024K, 1 young (1024K), 1 survivors (1024K)
 Metaspace       used 26362K, committed 26816K, reserved 491520K
  class space    used 3877K, committed 4096K, reserved 425984K
}
Event: 33.284 GC heap before
{Heap before GC invocations=8 (full 0):
 garbage-first heap   total 86016K, used 65532K [0x0000000080000000, 0x0000000100000000)
  region size 1024K, 41 young (41984K), 1 survivors (1024K)
 Metaspace       used 31995K, committed 32384K, reserved 491520K
  class space    used 4474K, committed 4672K, reserved 425984K
}
Event: 33.292 GC heap after
{Heap after GC invocations=9 (full 0):
 garbage-first heap   total 86016K, used 29891K [0x0000000080000000, 0x0000000100000000)
  region size 1024K, 5 young (5120K), 5 survivors (5120K)
 Metaspace       used 31995K, committed 32384K, reserved 491520K
  class space    used 4474K, committed 4672K, reserved 425984K
}
Event: 37.226 GC heap before
{Heap before GC invocations=9 (full 0):
 garbage-first heap   total 86016K, used 61635K [0x0000000080000000, 0x0000000100000000)
  region size 1024K, 33 young (33792K), 5 survivors (5120K)
 Metaspace       used 35538K, committed 35968K, reserved 491520K
  class space    used 4913K, committed 5120K, reserved 425984K
}
Event: 37.236 GC heap after
{Heap after GC invocations=10 (full 0):
 garbage-first heap   total 86016K, used 31507K [0x0000000080000000, 0x0000000100000000)
  region size 1024K, 3 young (3072K), 3 survivors (3072K)
 Metaspace       used 35538K, committed 35968K, reserved 491520K
  class space    used 4913K, committed 5120K, reserved 425984K
}
Event: 39.364 GC heap before
{Heap before GC invocations=11 (full 0):
 garbage-first heap   total 86016K, used 66323K [0x0000000080000000, 0x0000000100000000)
  region size 1024K, 37 young (37888K), 3 survivors (3072K)
 Metaspace       used 36943K, committed 37440K, reserved 491520K
  class space    used 5156K, committed 5376K, reserved 425984K
}
Event: 39.371 GC heap after
{Heap after GC invocations=12 (full 0):
 garbage-first heap   total 86016K, used 31925K [0x0000000080000000, 0x0000000100000000)
  region size 1024K, 4 young (4096K), 4 survivors (4096K)
 Metaspace       used 36943K, committed 37440K, reserved 491520K
  class space    used 5156K, committed 5376K, reserved 425984K
}
Event: 39.380 GC heap before
{Heap before GC invocations=12 (full 0):
 garbage-first heap   total 86016K, used 32949K [0x0000000080000000, 0x0000000100000000)
  region size 1024K, 5 young (5120K), 4 survivors (4096K)
 Metaspace       used 36948K, committed 37440K, reserved 491520K
  class space    used 5157K, committed 5376K, reserved 425984K
}
Event: 39.387 GC heap after
{Heap after GC invocations=13 (full 0):
 garbage-first heap   total 86016K, used 32103K [0x0000000080000000, 0x0000000100000000)
  region size 1024K, 1 young (1024K), 1 survivors (1024K)
 Metaspace       used 36948K, committed 37440K, reserved 491520K
  class space    used 5157K, committed 5376K, reserved 425984K
}
Event: 42.319 GC heap before
{Heap before GC invocations=13 (full 0):
 garbage-first heap   total 86016K, used 66919K [0x0000000080000000, 0x0000000100000000)
  region size 1024K, 35 young (35840K), 1 survivors (1024K)
 Metaspace       used 40116K, committed 40576K, reserved 491520K
  class space    used 5660K, committed 5888K, reserved 425984K
}
Event: 42.324 GC heap after
{Heap after GC invocations=14 (full 0):
 garbage-first heap   total 86016K, used 33559K [0x0000000080000000, 0x0000000100000000)
  region size 1024K, 2 young (2048K), 2 survivors (2048K)
 Metaspace       used 40116K, committed 40576K, reserved 491520K
  class space    used 5660K, committed 5888K, reserved 425984K
}

