# JRE version: OpenJDK Runtime Environment Microsoft-10376486 (17.0.13+11) (build 17.0.13+11-LTS)
# Java VM: OpenJDK 64-Bit Server VM Microsoft-10376486 (17.0.13+11-LTS, mixed mode, sharing, tiered, compressed oops, compressed class ptrs, g1 gc, windows-amd64)
GC Precious Log:
 CPUs: 4 total, 4 available
 Memory: 8042M
 Large Page Support: Disabled
 NUMA Support: Disabled
 Compressed Oops: Enabled (32-bit)
 Heap Region Size: 1M
 Heap Min Capacity: 8M
 Heap Initial Capacity: 126M
 Heap Max Capacity: 2G
 Pre-touch: Disabled
 Parallel Workers: 4
 Concurrent Workers: 1
 Concurrent Refinement Workers: 4
 Periodic GC: Disabled
Heap:
 garbage-first heap   total 294912K, used 232806K [0x0000000080000000, 0x0000000100000000)
  region size 1024K, 140 young (143360K), 4 survivors (4096K)
 Metaspace       used 79371K, committed 80256K, reserved 557056K
  class space    used 11060K, committed 11456K, reserved 425984K
GC Heap History (20 events):
Event: 15.490 GC heap before
{Heap before GC invocations=14 (full 0):
 garbage-first heap   total 153600K, used 120055K [0x0000000080000000, 0x0000000100000000)
  region size 1024K, 87 young (89088K), 8 survivors (8192K)
 Metaspace       used 55199K, committed 55744K, reserved 491520K
  class space    used 7835K, committed 8064K, reserved 425984K
}
Event: 15.507 GC heap after
{Heap after GC invocations=15 (full 0):
 garbage-first heap   total 153600K, used 43238K [0x0000000080000000, 0x0000000100000000)
  region size 1024K, 10 young (10240K), 10 survivors (10240K)
 Metaspace       used 55199K, committed 55744K, reserved 491520K
  class space    used 7835K, committed 8064K, reserved 425984K
}
Event: 17.944 GC heap before
{Heap before GC invocations=15 (full 0):
 garbage-first heap   total 153600K, used 107750K [0x0000000080000000, 0x0000000100000000)
  region size 1024K, 63 young (64512K), 10 survivors (10240K)
 Metaspace       used 59907K, committed 60480K, reserved 491520K
  class space    used 8497K, committed 8768K, reserved 425984K
}
Event: 17.971 GC heap after
{Heap after GC invocations=16 (full 0):
 garbage-first heap   total 153600K, used 59978K [0x0000000080000000, 0x0000000100000000)
  region size 1024K, 5 young (5120K), 5 survivors (5120K)
 Metaspace       used 59907K, committed 60480K, reserved 491520K
  class space    used 8497K, committed 8768K, reserved 425984K
}
Event: 20.507 GC heap before
{Heap before GC invocations=17 (full 0):
 garbage-first heap   total 153600K, used 122442K [0x0000000080000000, 0x0000000100000000)
  region size 1024K, 66 young (67584K), 5 survivors (5120K)
 Metaspace       used 62841K, committed 63488K, reserved 491520K
  class space    used 8912K, committed 9216K, reserved 425984K
}
Event: 20.517 GC heap after
{Heap after GC invocations=18 (full 0):
 garbage-first heap   total 153600K, used 64074K [0x0000000080000000, 0x0000000100000000)
  region size 1024K, 9 young (9216K), 9 survivors (9216K)
 Metaspace       used 62841K, committed 63488K, reserved 491520K
  class space    used 8912K, committed 9216K, reserved 425984K
}
Event: 21.988 GC heap before
{Heap before GC invocations=18 (full 0):
 garbage-first heap   total 153600K, used 123466K [0x0000000080000000, 0x0000000100000000)
  region size 1024K, 67 young (68608K), 9 survivors (9216K)
 Metaspace       used 65909K, committed 66624K, reserved 491520K
  class space    used 9339K, committed 9664K, reserved 425984K
}
Event: 22.006 GC heap after
{Heap after GC invocations=19 (full 0):
 garbage-first heap   total 153600K, used 68030K [0x0000000080000000, 0x0000000100000000)
  region size 1024K, 6 young (6144K), 6 survivors (6144K)
 Metaspace       used 65909K, committed 66624K, reserved 491520K
  class space    used 9339K, committed 9664K, reserved 425984K
}
Event: 23.218 GC heap before
{Heap before GC invocations=19 (full 0):
 garbage-first heap   total 153600K, used 123326K [0x0000000080000000, 0x0000000100000000)
  region size 1024K, 60 young (61440K), 6 survivors (6144K)
 Metaspace       used 69744K, committed 70592K, reserved 491520K
  class space    used 9961K, committed 10368K, reserved 425984K
}
Event: 23.232 GC heap after
{Heap after GC invocations=20 (full 0):
 garbage-first heap   total 153600K, used 72525K [0x0000000080000000, 0x0000000100000000)
  region size 1024K, 6 young (6144K), 6 survivors (6144K)
 Metaspace       used 69744K, committed 70592K, reserved 491520K
  class space    used 9961K, committed 10368K, reserved 425984K
}
Event: 24.122 GC heap before
{Heap before GC invocations=20 (full 0):
 garbage-first heap   total 153600K, used 122701K [0x0000000080000000, 0x0000000100000000)
  region size 1024K, 55 young (56320K), 6 survivors (6144K)
 Metaspace       used 71447K, committed 72320K, reserved 491520K
  class space    used 10145K, committed 10560K, reserved 425984K
}
Event: 24.138 GC heap after
{Heap after GC invocations=21 (full 0):
 garbage-first heap   total 153600K, used 78618K [0x0000000080000000, 0x0000000100000000)
  region size 1024K, 7 young (7168K), 7 survivors (7168K)
 Metaspace       used 71447K, committed 72320K, reserved 491520K
  class space    used 10145K, committed 10560K, reserved 425984K
}
Event: 24.594 GC heap before
{Heap before GC invocations=21 (full 0):
 garbage-first heap   total 153600K, used 120602K [0x0000000080000000, 0x0000000100000000)
  region size 1024K, 49 young (50176K), 7 survivors (7168K)
 Metaspace       used 71659K, committed 72512K, reserved 491520K
  class space    used 10147K, committed 10560K, reserved 425984K
}
Event: 24.607 GC heap after
{Heap after GC invocations=22 (full 0):
 garbage-first heap   total 153600K, used 81222K [0x0000000080000000, 0x0000000100000000)
  region size 1024K, 5 young (5120K), 5 survivors (5120K)
 Metaspace       used 71659K, committed 72512K, reserved 491520K
  class space    used 10147K, committed 10560K, reserved 425984K
}
Event: 24.972 GC heap before
{Heap before GC invocations=23 (full 0):
 garbage-first heap   total 163840K, used 122182K [0x0000000080000000, 0x0000000100000000)
  region size 1024K, 46 young (47104K), 5 survivors (5120K)
 Metaspace       used 71690K, committed 72512K, reserved 491520K
  class space    used 10147K, committed 10560K, reserved 425984K
}
Event: 24.981 GC heap after
{Heap after GC invocations=24 (full 0):
 garbage-first heap   total 163840K, used 82586K [0x0000000080000000, 0x0000000100000000)
  region size 1024K, 4 young (4096K), 4 survivors (4096K)
 Metaspace       used 71690K, committed 72512K, reserved 491520K
  class space    used 10147K, committed 10560K, reserved 425984K
}
Event: 25.011 GC heap before
{Heap before GC invocations=24 (full 0):
 garbage-first heap   total 163840K, used 85658K [0x0000000080000000, 0x0000000100000000)
  region size 1024K, 8 young (8192K), 4 survivors (4096K)
 Metaspace       used 71691K, committed 72512K, reserved 491520K
  class space    used 10147K, committed 10560K, reserved 425984K
}
Event: 25.018 GC heap after
{Heap after GC invocations=25 (full 0):
 garbage-first heap   total 163840K, used 81920K [0x0000000080000000, 0x0000000100000000)
  region size 1024K, 1 young (1024K), 1 survivors (1024K)
 Metaspace       used 71691K, committed 72512K, reserved 491520K
  class space    used 10147K, committed 10560K, reserved 425984K
}
Event: 25.366 GC heap before
{Heap before GC invocations=25 (full 0):
 garbage-first heap   total 163840K, used 132096K [0x0000000080000000, 0x0000000100000000)
  region size 1024K, 50 young (51200K), 1 survivors (1024K)
 Metaspace       used 71693K, committed 72512K, reserved 491520K
  class space    used 10147K, committed 10560K, reserved 425984K
}
Event: 25.375 GC heap after
{Heap after GC invocations=26 (full 0):
 garbage-first heap   total 294912K, used 84326K [0x0000000080000000, 0x0000000100000000)
  region size 1024K, 4 young (4096K), 4 survivors (4096K)
 Metaspace       used 71693K, committed 72512K, reserved 491520K
  class space    used 10147K, committed 10560K, reserved 425984K
}

