# JRE version: OpenJDK Runtime Environment Microsoft-10376486 (17.0.13+11) (build 17.0.13+11-LTS)
# Java VM: OpenJDK 64-Bit Server VM Microsoft-10376486 (17.0.13+11-LTS, mixed mode, sharing, tiered, compressed oops, compressed class ptrs, g1 gc, windows-amd64)
GC Precious Log:
 CPUs: 4 total, 4 available
 Memory: 8042M
 Large Page Support: Disabled
 NUMA Support: Disabled
 Compressed Oops: Enabled (32-bit)
 Heap Region Size: 1M
 Heap Min Capacity: 8M
 Heap Initial Capacity: 126M
 Heap Max Capacity: 2012M
 Pre-touch: Disabled
 Parallel Workers: 4
 Concurrent Workers: 1
 Concurrent Refinement Workers: 4
 Periodic GC: Disabled
Heap:
 garbage-first heap   total 196608K, used 150269K [0x0000000082400000, 0x0000000100000000)
  region size 1024K, 44 young (45056K), 3 survivors (3072K)
 Metaspace       used 59197K, committed 59456K, reserved 1114112K
  class space    used 6471K, committed 6592K, reserved 1048576K
GC Heap History (20 events):
Event: 12.605 GC heap before
{Heap before GC invocations=20 (full 0):
 garbage-first heap   total 150528K, used 81872K [0x0000000082400000, 0x0000000100000000)
  region size 1024K, 7 young (7168K), 3 survivors (3072K)
 Metaspace       used 49510K, committed 49792K, reserved 1114112K
  class space    used 5783K, committed 5952K, reserved 1048576K
}
Event: 12.612 GC heap after
{Heap after GC invocations=21 (full 0):
 garbage-first heap   total 187392K, used 77145K [0x0000000082400000, 0x0000000100000000)
  region size 1024K, 1 young (1024K), 1 survivors (1024K)
 Metaspace       used 49510K, committed 49792K, reserved 1114112K
  class space    used 5783K, committed 5952K, reserved 1048576K
}
Event: 15.512 GC heap before
{Heap before GC invocations=21 (full 0):
 garbage-first heap   total 187392K, used 146777K [0x0000000082400000, 0x0000000100000000)
  region size 1024K, 68 young (69632K), 1 survivors (1024K)
 Metaspace       used 53796K, committed 54080K, reserved 1114112K
  class space    used 6135K, committed 6272K, reserved 1048576K
}
Event: 15.529 GC heap after
{Heap after GC invocations=22 (full 0):
 garbage-first heap   total 187392K, used 84457K [0x0000000082400000, 0x0000000100000000)
  region size 1024K, 8 young (8192K), 8 survivors (8192K)
 Metaspace       used 53796K, committed 54080K, reserved 1114112K
  class space    used 6135K, committed 6272K, reserved 1048576K
}
Event: 19.400 GC heap before
{Heap before GC invocations=22 (full 0):
 garbage-first heap   total 187392K, used 145897K [0x0000000082400000, 0x0000000100000000)
  region size 1024K, 68 young (69632K), 8 survivors (8192K)
 Metaspace       used 55604K, committed 55872K, reserved 1114112K
  class space    used 6267K, committed 6400K, reserved 1048576K
}
Event: 19.426 GC heap after
{Heap after GC invocations=23 (full 0):
 garbage-first heap   total 187392K, used 91900K [0x0000000082400000, 0x0000000100000000)
  region size 1024K, 8 young (8192K), 8 survivors (8192K)
 Metaspace       used 55604K, committed 55872K, reserved 1114112K
  class space    used 6267K, committed 6400K, reserved 1048576K
}
Event: 22.687 GC heap before
{Heap before GC invocations=23 (full 0):
 garbage-first heap   total 187392K, used 148220K [0x0000000082400000, 0x0000000100000000)
  region size 1024K, 63 young (64512K), 8 survivors (8192K)
 Metaspace       used 56144K, committed 56448K, reserved 1114112K
  class space    used 6296K, committed 6464K, reserved 1048576K
}
Event: 22.706 GC heap after
{Heap after GC invocations=24 (full 0):
 garbage-first heap   total 187392K, used 97027K [0x0000000082400000, 0x0000000100000000)
  region size 1024K, 5 young (5120K), 5 survivors (5120K)
 Metaspace       used 56144K, committed 56448K, reserved 1114112K
  class space    used 6296K, committed 6464K, reserved 1048576K
}
Event: 26.292 GC heap before
{Heap before GC invocations=25 (full 0):
 garbage-first heap   total 187392K, used 151299K [0x0000000082400000, 0x0000000100000000)
  region size 1024K, 58 young (59392K), 5 survivors (5120K)
 Metaspace       used 56438K, committed 56704K, reserved 1114112K
  class space    used 6302K, committed 6464K, reserved 1048576K
}
Event: 26.311 GC heap after
{Heap after GC invocations=26 (full 0):
 garbage-first heap   total 187392K, used 100950K [0x0000000082400000, 0x0000000100000000)
  region size 1024K, 4 young (4096K), 4 survivors (4096K)
 Metaspace       used 56438K, committed 56704K, reserved 1114112K
  class space    used 6302K, committed 6464K, reserved 1048576K
}
Event: 26.553 GC heap before
{Heap before GC invocations=26 (full 0):
 garbage-first heap   total 187392K, used 106070K [0x0000000082400000, 0x0000000100000000)
  region size 1024K, 9 young (9216K), 4 survivors (4096K)
 Metaspace       used 56459K, committed 56768K, reserved 1114112K
  class space    used 6302K, committed 6464K, reserved 1048576K
}
Event: 26.565 GC heap after
{Heap after GC invocations=27 (full 0):
 garbage-first heap   total 187392K, used 100645K [0x0000000082400000, 0x0000000100000000)
  region size 1024K, 1 young (1024K), 1 survivors (1024K)
 Metaspace       used 56459K, committed 56768K, reserved 1114112K
  class space    used 6302K, committed 6464K, reserved 1048576K
}
Event: 29.859 GC heap before
{Heap before GC invocations=27 (full 0):
 garbage-first heap   total 187392K, used 152869K [0x0000000082400000, 0x0000000100000000)
  region size 1024K, 52 young (53248K), 1 survivors (1024K)
 Metaspace       used 56751K, committed 57088K, reserved 1114112K
  class space    used 6305K, committed 6464K, reserved 1048576K
}
Event: 29.870 GC heap after
{Heap after GC invocations=28 (full 0):
 garbage-first heap   total 187392K, used 104356K [0x0000000082400000, 0x0000000100000000)
  region size 1024K, 5 young (5120K), 5 survivors (5120K)
 Metaspace       used 56751K, committed 57088K, reserved 1114112K
  class space    used 6305K, committed 6464K, reserved 1048576K
}
Event: 32.743 GC heap before
{Heap before GC invocations=29 (full 0):
 garbage-first heap   total 196608K, used 153508K [0x0000000082400000, 0x0000000100000000)
  region size 1024K, 53 young (54272K), 5 survivors (5120K)
 Metaspace       used 57004K, committed 57344K, reserved 1114112K
  class space    used 6307K, committed 6464K, reserved 1048576K
}
Event: 32.755 GC heap after
{Heap after GC invocations=30 (full 0):
 garbage-first heap   total 196608K, used 107196K [0x0000000082400000, 0x0000000100000000)
  region size 1024K, 3 young (3072K), 3 survivors (3072K)
 Metaspace       used 57004K, committed 57344K, reserved 1114112K
  class space    used 6307K, committed 6464K, reserved 1048576K
}
Event: 32.941 GC heap before
{Heap before GC invocations=30 (full 0):
 garbage-first heap   total 196608K, used 113340K [0x0000000082400000, 0x0000000100000000)
  region size 1024K, 9 young (9216K), 3 survivors (3072K)
 Metaspace       used 57036K, committed 57344K, reserved 1114112K
  class space    used 6307K, committed 6464K, reserved 1048576K
}
Event: 32.964 GC heap after
{Heap after GC invocations=31 (full 0):
 garbage-first heap   total 196608K, used 106951K [0x0000000082400000, 0x0000000100000000)
  region size 1024K, 1 young (1024K), 1 survivors (1024K)
 Metaspace       used 57036K, committed 57344K, reserved 1114112K
  class space    used 6307K, committed 6464K, reserved 1048576K
}
Event: 35.785 GC heap before
{Heap before GC invocations=31 (full 0):
 garbage-first heap   total 196608K, used 163271K [0x0000000082400000, 0x0000000100000000)
  region size 1024K, 56 young (57344K), 1 survivors (1024K)
 Metaspace       used 57704K, committed 58048K, reserved 1114112K
  class space    used 6350K, committed 6528K, reserved 1048576K
}
Event: 35.792 GC heap after
{Heap after GC invocations=32 (full 0):
 garbage-first heap   total 196608K, used 109309K [0x0000000082400000, 0x0000000100000000)
  region size 1024K, 3 young (3072K), 3 survivors (3072K)
 Metaspace       used 57704K, committed 58048K, reserved 1114112K
  class space    used 6350K, committed 6528K, reserved 1048576K
}

